<?xml version="1.0" encoding="UTF-8"?>
<TestRun id="104e3427-2d72-48e3-bf14-33ca3dc345c7" name="Dave@MATRIXVI 2014-08-17 14:58:19" runUser="MatrixVI\Dave" xmlns="http://microsoft.com/schemas/VisualStudio/TeamTest/2010">
  <TestSettings name="Local" id="bbec8b32-9d77-4486-9806-5b5b92af14d1">
    <Description>These are default test settings for a local test run.</Description>
    <Deployment enabled="false" runDeploymentRoot="Dave_MATRIXVI 2014-08-17 14_58_19">
      <DeploymentItem filename="C:\Users\Dave\Documents\Git Work\LapScore\project\LapScore.Core\bin\Debug\LapScore.Core.dll" />
    </Deployment>
    <Execution>
      <TestTypeSpecific />
      <AgentRule name="Execution Agents">
      </AgentRule>
    </Execution>
  </TestSettings>
  <Times creation="2014-08-17T14:58:19.7855859+12:00" queuing="2014-08-17T14:58:19.8265882+12:00" start="2014-08-17T14:58:19.8755910+12:00" finish="2014-08-17T14:58:20.5576301+12:00" />
  <ResultSummary outcome="Failed">
    <Counters total="1" executed="1" error="0" failed="1" timeout="0" aborted="0" inconclusive="0" passedButRunAborted="0" notRunnable="0" notExecuted="0" disconnected="0" warning="0" passed="0" completed="0" inProgress="0" pending="0" />
  </ResultSummary>
  <TestDefinitions>
    <UnitTest name="TestMethod1" storage="c:\users\dave\documents\git work\lapscore\project\lapscore.core.test\bin\debug\lapscore.core.test.dll" id="e239b03d-58a6-e651-84fe-f2308144f2cc">
      <Execution id="b29a7e9c-216c-4f7a-95c5-5c058fba2197" />
      <TestMethod codeBase="C:/Users/Dave/Documents/Git Work/LapScore/project/LapScore.Core.Test/bin/Debug/LapScore.Core.Test.DLL" adapterTypeName="Microsoft.VisualStudio.TestTools.TestTypes.Unit.UnitTestAdapter, Microsoft.VisualStudio.QualityTools.Tips.UnitTest.Adapter, Version=10.0.0.0, Culture=neutral, PublicKeyToken=b03f5f7f11d50a3a" className="LapScore.Core.Test.About_LapRegistrationMessage, LapScore.Core.Test, Version=1.0.0.0, Culture=neutral, PublicKeyToken=null" name="TestMethod1" />
    </UnitTest>
  </TestDefinitions>
  <TestLists>
    <TestList name="Results Not in a List" id="8c84fa94-04c1-424b-9868-57a2d4851a1d" />
    <TestList name="All Loaded Results" id="19431567-8539-422a-85d7-44ee4e166bda" />
  </TestLists>
  <TestEntries>
    <TestEntry testId="e239b03d-58a6-e651-84fe-f2308144f2cc" executionId="b29a7e9c-216c-4f7a-95c5-5c058fba2197" testListId="8c84fa94-04c1-424b-9868-57a2d4851a1d" />
  </TestEntries>
  <Results>
    <UnitTestResult executionId="b29a7e9c-216c-4f7a-95c5-5c058fba2197" testId="e239b03d-58a6-e651-84fe-f2308144f2cc" testName="TestMethod1" computerName="MATRIXVI" duration="00:00:00.1443832" startTime="2014-08-17T14:58:19.8855916+12:00" endTime="2014-08-17T14:58:20.4556242+12:00" testType="13cdc9d9-ddb5-4fa4-a97d-d965ccfc6d4b" outcome="Failed" testListId="8c84fa94-04c1-424b-9868-57a2d4851a1d" relativeResultsDirectory="b29a7e9c-216c-4f7a-95c5-5c058fba2197">
      <Output>
        <ErrorInfo>
          <Message>Assert.AreEqual failed. Expected:&lt;LapRegistrationPayLoad&gt;. Actual:&lt;LapRegistrationMessage&gt;. </Message>
          <StackTrace>   at LapScore.Core.Test.About_LapRegistrationMessage.TestMethod1() in C:\Users\Dave\Documents\Git Work\LapScore\project\LapScore.Core.Test\About_LapRegistrationMessage.cs:line 70
</StackTrace>
        </ErrorInfo>
      </Output>
    </UnitTestResult>
  </Results>
</TestRun>