<?xml version="1.0" encoding="UTF-8"?>
<TestRun id="4b9e2030-9422-45b7-b208-79e378a1637f" name="Dave@MATRIXVI 2014-08-17 15:26:15" runUser="MatrixVI\Dave" xmlns="http://microsoft.com/schemas/VisualStudio/TeamTest/2010">
  <TestSettings name="Local" id="bbec8b32-9d77-4486-9806-5b5b92af14d1">
    <Description>These are default test settings for a local test run.</Description>
    <Deployment enabled="false" runDeploymentRoot="Dave_MATRIXVI 2014-08-17 15_26_15">
      <DeploymentItem filename="C:\Users\Dave\Documents\Git Work\LapScore\project\LapScore.Core\bin\Debug\LapScore.Core.dll" />
    </Deployment>
    <Execution>
      <TestTypeSpecific />
      <AgentRule name="Execution Agents">
      </AgentRule>
    </Execution>
  </TestSettings>
  <Times creation="2014-08-17T15:26:15.4014256+12:00" queuing="2014-08-17T15:26:15.5314331+12:00" start="2014-08-17T15:26:15.5374334+12:00" finish="2014-08-17T15:26:15.8744527+12:00" />
  <ResultSummary outcome="Completed">
    <Counters total="1" executed="1" passed="1" error="0" failed="0" timeout="0" aborted="0" inconclusive="0" passedButRunAborted="0" notRunnable="0" notExecuted="0" disconnected="0" warning="0" completed="0" inProgress="0" pending="0" />
  </ResultSummary>
  <TestDefinitions>
    <UnitTest name="TestMethod1" storage="c:\users\dave\documents\git work\lapscore\project\lapscore.core.test\bin\debug\lapscore.core.test.dll" id="e239b03d-58a6-e651-84fe-f2308144f2cc">
      <Execution id="920d6508-463c-4cd2-a0a9-52cbc80a28b7" />
      <TestMethod codeBase="C:/Users/Dave/Documents/Git Work/LapScore/project/LapScore.Core.Test/bin/Debug/LapScore.Core.Test.DLL" adapterTypeName="Microsoft.VisualStudio.TestTools.TestTypes.Unit.UnitTestAdapter, Microsoft.VisualStudio.QualityTools.Tips.UnitTest.Adapter, Version=10.0.0.0, Culture=neutral, PublicKeyToken=b03f5f7f11d50a3a" className="LapScore.Core.Test.About_LapRegistrationMessage, LapScore.Core.Test, Version=1.0.0.0, Culture=neutral, PublicKeyToken=null" name="TestMethod1" />
    </UnitTest>
  </TestDefinitions>
  <TestLists>
    <TestList name="Results Not in a List" id="8c84fa94-04c1-424b-9868-57a2d4851a1d" />
    <TestList name="All Loaded Results" id="19431567-8539-422a-85d7-44ee4e166bda" />
  </TestLists>
  <TestEntries>
    <TestEntry testId="e239b03d-58a6-e651-84fe-f2308144f2cc" executionId="920d6508-463c-4cd2-a0a9-52cbc80a28b7" testListId="8c84fa94-04c1-424b-9868-57a2d4851a1d" />
  </TestEntries>
  <Results>
    <UnitTestResult executionId="920d6508-463c-4cd2-a0a9-52cbc80a28b7" testId="e239b03d-58a6-e651-84fe-f2308144f2cc" testName="TestMethod1" computerName="MATRIXVI" duration="00:00:00.0197750" startTime="2014-08-17T15:26:15.5544344+12:00" endTime="2014-08-17T15:26:15.7724469+12:00" testType="13cdc9d9-ddb5-4fa4-a97d-d965ccfc6d4b" outcome="Passed" testListId="8c84fa94-04c1-424b-9868-57a2d4851a1d" relativeResultsDirectory="920d6508-463c-4cd2-a0a9-52cbc80a28b7">
    </UnitTestResult>
  </Results>
</TestRun>