<?xml version="1.0" encoding="UTF-8"?>
<TestRun id="bdce8152-f48d-4d00-8fd4-d72f6d07b577" name="Dave@MATRIXVI 2014-08-17 14:47:56" runUser="MatrixVI\Dave" xmlns="http://microsoft.com/schemas/VisualStudio/TeamTest/2010">
  <TestSettings name="Local" id="bbec8b32-9d77-4486-9806-5b5b92af14d1">
    <Description>These are default test settings for a local test run.</Description>
    <Deployment enabled="false" runDeploymentRoot="Dave_MATRIXVI 2014-08-17 14_47_56">
      <DeploymentItem filename="C:\Users\Dave\Documents\Git Work\LapScore\project\LapScore.Core\bin\Debug\LapScore.Core.dll" />
    </Deployment>
    <Execution>
      <TestTypeSpecific />
      <AgentRule name="Execution Agents">
      </AgentRule>
    </Execution>
  </TestSettings>
  <Times creation="2014-08-17T14:47:56.1509160+12:00" queuing="2014-08-17T14:47:58.6130569+12:00" start="2014-08-17T14:47:58.9740775+12:00" finish="2014-08-17T14:48:16.8480998+12:00" />
  <ResultSummary outcome="Error">
    <Counters total="1" executed="1" error="1" failed="0" timeout="0" aborted="0" inconclusive="0" passedButRunAborted="0" notRunnable="0" notExecuted="0" disconnected="0" warning="0" passed="0" completed="0" inProgress="0" pending="0" />
  </ResultSummary>
  <TestDefinitions>
    <UnitTest name="TestMethod1" storage="c:\users\dave\documents\git work\lapscore\project\lapscore.core.test\bin\debug\lapscore.core.test.dll" id="e239b03d-58a6-e651-84fe-f2308144f2cc">
      <Execution id="09336f64-a5a4-411b-9432-08ddf1d64bf8" />
      <TestMethod codeBase="C:/Users/Dave/Documents/Git Work/LapScore/project/LapScore.Core.Test/bin/Debug/LapScore.Core.Test.DLL" adapterTypeName="Microsoft.VisualStudio.TestTools.TestTypes.Unit.UnitTestAdapter, Microsoft.VisualStudio.QualityTools.Tips.UnitTest.Adapter, Version=10.0.0.0, Culture=neutral, PublicKeyToken=b03f5f7f11d50a3a" className="LapScore.Core.Test.About_LapRegistrationMessage, LapScore.Core.Test, Version=1.0.0.0, Culture=neutral, PublicKeyToken=null" name="TestMethod1" />
    </UnitTest>
  </TestDefinitions>
  <TestLists>
    <TestList name="Results Not in a List" id="8c84fa94-04c1-424b-9868-57a2d4851a1d" />
    <TestList name="All Loaded Results" id="19431567-8539-422a-85d7-44ee4e166bda" />
  </TestLists>
  <TestEntries>
    <TestEntry testId="e239b03d-58a6-e651-84fe-f2308144f2cc" executionId="09336f64-a5a4-411b-9432-08ddf1d64bf8" testListId="8c84fa94-04c1-424b-9868-57a2d4851a1d" />
  </TestEntries>
  <Results>
    <UnitTestResult executionId="09336f64-a5a4-411b-9432-08ddf1d64bf8" testId="e239b03d-58a6-e651-84fe-f2308144f2cc" testName="TestMethod1" computerName="MATRIXVI" startTime="2014-08-17T14:47:59.0530820+12:00" endTime="2014-08-17T14:48:16.7620949+12:00" testType="13cdc9d9-ddb5-4fa4-a97d-d965ccfc6d4b" testListId="8c84fa94-04c1-424b-9868-57a2d4851a1d" relativeResultsDirectory="09336f64-a5a4-411b-9432-08ddf1d64bf8">
      <Output>
        <ErrorInfo>
          <Message>The agent process was stopped while the test was running.</Message>
        </ErrorInfo>
      </Output>
    </UnitTestResult>
  </Results>
</TestRun>